#-----------------------------------------------------------
# Vivado v2017.2 (64-bit)
# SW Build 1909853 on Thu Jun 15 18:39:10 MDT 2017
# IP Build 1909766 on Thu Jun 15 19:58:00 MDT 2017
# Start of session at: Tue Sep 12 00:53:59 2017
# Process ID: 10062
# Current directory: /home/goma/Documents/Work/AES/RUN
# Command line: vivado
# Log file: /home/goma/Documents/Work/AES/RUN/vivado.log
# Journal file: /home/goma/Documents/Work/AES/RUN/vivado.jou
#-----------------------------------------------------------
start_gui
open_project /home/goma/Documents/Work/AES/RUN/AES/AES.xpr
Scanning sources...
Finished scanning sources
INFO: [IP_Flow 19-234] Refreshing IP repositories
INFO: [IP_Flow 19-1704] No user IP repositories specified
INFO: [IP_Flow 19-2313] Loaded Vivado IP repository '/opt/Xilinx/Vivado/2017.2/data/ip'.
update_compile_order -fileset sources_1
INFO: [Device 21-403] Loading part xc7z010clg225-1
WARNING: [IP_Flow 19-4067] Ignoring invalid widget type specified checkbox.Providing a default widget
WARNING: [IP_Flow 19-4067] Ignoring invalid widget type specified checkbox.Providing a default widget
WARNING: [IP_Flow 19-4067] Ignoring invalid widget type specified checkbox.Providing a default widget
WARNING: [IP_Flow 19-4067] Ignoring invalid widget type specified checkbox.Providing a default widget
exit
INFO: [Common 17-206] Exiting Vivado at Tue Sep 12 01:00:23 2017...
