#-----------------------------------------------------------
# Vivado v2017.2 (64-bit)
# SW Build 1909853 on Thu Jun 15 18:39:10 MDT 2017
# IP Build 1909766 on Thu Jun 15 19:58:00 MDT 2017
# Start of session at: Tue Sep 12 00:39:34 2017
# Process ID: 9760
# Current directory: /home/goma/Documents/Work/AES/RUN
# Command line: vivado
# Log file: /home/goma/Documents/Work/AES/RUN/vivado.log
# Journal file: /home/goma/Documents/Work/AES/RUN/vivado.jou
#-----------------------------------------------------------
start_gui
open_hw
INFO: [IP_Flow 19-234] Refreshing IP repositories
INFO: [IP_Flow 19-1704] No user IP repositories specified
INFO: [IP_Flow 19-2313] Loaded Vivado IP repository '/opt/Xilinx/Vivado/2017.2/data/ip'.
open_project /home/goma/Documents/Work/AES/RUN/AES/AES.xpr
Scanning sources...
Finished scanning sources
INFO: [IP_Flow 19-234] Refreshing IP repositories
INFO: [IP_Flow 19-1704] No user IP repositories specified
INFO: [IP_Flow 19-2313] Loaded Vivado IP repository '/opt/Xilinx/Vivado/2017.2/data/ip'.
current_project {New Project}
close_project
****** Webtalk v2017.2 (64-bit)
  **** SW Build 1909853 on Thu Jun 15 18:39:10 MDT 2017
  **** IP Build 1909766 on Thu Jun 15 19:58:00 MDT 2017
    ** Copyright 1986-2017 Xilinx, Inc. All Rights Reserved.

source /home/goma/Documents/Work/AES/RUN/.Xil/Vivado-9760-tamamo/webtalk/labtool_webtalk.tcl -notrace
INFO: [Common 17-186] '/home/goma/Documents/Work/AES/RUN/.Xil/Vivado-9760-tamamo/webtalk/usage_statistics_ext_labtool.xml' has been successfully sent to Xilinx on Tue Sep 12 00:40:31 2017. For additional details about this file, please refer to the WebTalk help file at /opt/Xilinx/Vivado/2017.2/doc/webtalk_introduction.html.
INFO: [Common 17-206] Exiting Webtalk at Tue Sep 12 00:40:31 2017...
update_compile_order -fileset sources_1
INFO: [Device 21-403] Loading part xc7z010clg225-1
WARNING: [IP_Flow 19-4067] Ignoring invalid widget type specified checkbox.Providing a default widget
WARNING: [IP_Flow 19-4067] Ignoring invalid widget type specified checkbox.Providing a default widget
